0 info it worked if it ends with ok
1 verbose cli [ 'C:\\Program Files\\nodejs\\node.exe',
1 verbose cli   'C:\\Program Files\\nodejs\\node_modules\\npm\\bin\\npm-cli.js',
1 verbose cli   'start' ]
2 info using npm@3.10.8
3 info using node@v6.9.1
4 verbose run-script [ 'prestart', 'start', 'poststart' ]
5 info lifecycle angular2-nodejs@0.0.0~prestart: angular2-nodejs@0.0.0
6 silly lifecycle angular2-nodejs@0.0.0~prestart: no script for prestart, continuing
7 info lifecycle angular2-nodejs@0.0.0~start: angular2-nodejs@0.0.0
8 verbose lifecycle angular2-nodejs@0.0.0~start: unsafe-perm in lifecycle true
9 verbose lifecycle angular2-nodejs@0.0.0~start: PATH: C:\Program Files\nodejs\node_modules\npm\bin\node-gyp-bin;C:\Users\Giorgio\Documents\ProjectApp\Custom\node_modules\.bin;C:\Program Files (x86)\Programmazione\PortableGit\cmd;C:\ProgramData\Oracle\Java\javapath;C:\Windows\system32;C:\Windows;C:\Windows\System32\Wbem;C:\Windows\System32\WindowsPowerShell\v1.0\;C:\WINDOWS\system32;C:\WINDOWS;C:\WINDOWS\System32\Wbem;C:\WINDOWS\System32\WindowsPowerShell\v1.0\;C:\Program Files (x86)\NVIDIA Corporation\PhysX\Common;C:\windows\system32;C:\windows;C:\windows\System32\Wbem;C:\windows\System32\WindowsPowerShell\v1.0\;C:\Program Files\nodejs\;C:\Users\Giorgio\AppData\Local\Microsoft\WindowsApps;C:\Users\Giorgio\AppData\Roaming\npm;C:\Program Files (x86)\Programmazione\Microsoft VS Code\bin
10 verbose lifecycle angular2-nodejs@0.0.0~start: CWD: C:\Users\Giorgio\Documents\ProjectApp\Custom
11 silly lifecycle angular2-nodejs@0.0.0~start: Args: [ '/d /s /c',
11 silly lifecycle   'DEBUG=express:* node ./bin/www --websocket-port=$OPENSHIFT_NODEJS_PORT --log-level=1' ]
12 silly lifecycle angular2-nodejs@0.0.0~start: Returned: code: 1  signal: null
13 info lifecycle angular2-nodejs@0.0.0~start: Failed to exec start script
14 verbose stack Error: angular2-nodejs@0.0.0 start: `DEBUG=express:* node ./bin/www --websocket-port=$OPENSHIFT_NODEJS_PORT --log-level=1`
14 verbose stack Exit status 1
14 verbose stack     at EventEmitter.<anonymous> (C:\Program Files\nodejs\node_modules\npm\lib\utils\lifecycle.js:255:16)
14 verbose stack     at emitTwo (events.js:106:13)
14 verbose stack     at EventEmitter.emit (events.js:191:7)
14 verbose stack     at ChildProcess.<anonymous> (C:\Program Files\nodejs\node_modules\npm\lib\utils\spawn.js:40:14)
14 verbose stack     at emitTwo (events.js:106:13)
14 verbose stack     at ChildProcess.emit (events.js:191:7)
14 verbose stack     at maybeClose (internal/child_process.js:877:16)
14 verbose stack     at Process.ChildProcess._handle.onexit (internal/child_process.js:226:5)
15 verbose pkgid angular2-nodejs@0.0.0
16 verbose cwd C:\Users\Giorgio\Documents\ProjectApp\Custom
17 error Windows_NT 10.0.14393
18 error argv "C:\\Program Files\\nodejs\\node.exe" "C:\\Program Files\\nodejs\\node_modules\\npm\\bin\\npm-cli.js" "start"
19 error node v6.9.1
20 error npm  v3.10.8
21 error code ELIFECYCLE
22 error angular2-nodejs@0.0.0 start: `DEBUG=express:* node ./bin/www --websocket-port=$OPENSHIFT_NODEJS_PORT --log-level=1`
22 error Exit status 1
23 error Failed at the angular2-nodejs@0.0.0 start script 'DEBUG=express:* node ./bin/www --websocket-port=$OPENSHIFT_NODEJS_PORT --log-level=1'.
23 error Make sure you have the latest version of node.js and npm installed.
23 error If you do, this is most likely a problem with the angular2-nodejs package,
23 error not with npm itself.
23 error Tell the author that this fails on your system:
23 error     DEBUG=express:* node ./bin/www --websocket-port=$OPENSHIFT_NODEJS_PORT --log-level=1
23 error You can get information on how to open an issue for this project with:
23 error     npm bugs angular2-nodejs
23 error Or if that isn't available, you can get their info via:
23 error     npm owner ls angular2-nodejs
23 error There is likely additional logging output above.
24 verbose exit [ 1, true ]
